Apache Ant version 1.7.0 compiled on February 29 2008
Buildfile: build.xml
Detected Java version: 1.5 in: /System/Library/Frameworks/JavaVM.framework/Versions/1.5.0/Home
Detected OS: Mac OS X
parsing buildfile /Users/stgreen/Projects/Aura/aura-grid/aura/build.xml with URI = file:/Users/stgreen/Projects/Aura/aura-grid/aura/build.xml
Project base dir set to: /Users/stgreen/Projects/Aura/aura-grid/aura
[antlib:org.apache.tools.ant] Could not load definitions from resource org/apache/tools/ant/antlib.xml. It could not be found.
Importing file /Users/stgreen/Projects/Aura/aura-grid/aura/nbproject/build-impl.xml from /Users/stgreen/Projects/Aura/aura-grid/aura/build.xml
parsing buildfile /Users/stgreen/Projects/Aura/aura-grid/aura/nbproject/build-impl.xml with URI = file:/Users/stgreen/Projects/Aura/aura-grid/aura/nbproject/build-impl.xml
Build sequence for target(s) `findbugs' is [-pre-init, -init-private, -init-libraries, -init-user, -init-project, -init-macrodef-property, -do-init, -post-init, -init-check, -init-macrodef-javac, -init-macrodef-junit, -init-debug-args, -init-macrodef-nbjpda, -init-macrodef-debug, -init-macrodef-java, -init-presetdef-jar, init, deps-jar, -check-automatic-build, -clean-after-automatic-build, -verify-automatic-build, -pre-pre-compile, -pre-compile, -compile-depend, -do-compile, -post-compile, compile, -pre-jar, -pre-pre-jar, -do-jar-with-manifest, -do-jar-without-manifest, -do-jar-with-mainclass, -do-jar-with-libraries, -post-jar, jar, findbugs]
Complete build sequence is [-pre-init, -init-private, -init-libraries, -init-user, -init-project, -init-macrodef-property, -do-init, -post-init, -init-check, -init-macrodef-javac, -init-macrodef-junit, -init-debug-args, -init-macrodef-nbjpda, -init-macrodef-debug, -init-macrodef-java, -init-presetdef-jar, init, deps-jar, -check-automatic-build, -clean-after-automatic-build, -verify-automatic-build, -pre-pre-compile, -pre-compile, -compile-depend, -do-compile, -post-compile, compile, -pre-jar, -pre-pre-jar, -do-jar-with-manifest, -do-jar-without-manifest, -do-jar-with-mainclass, -do-jar-with-libraries, -post-jar, jar, findbugs, -pre-pre-compile-test, -pre-compile-test, -compile-test-depend, -do-compile-test, -post-compile-test, aura-impl.compile-test, -debug-start-debugger-stepinto, -debug-start-debuggee, debug-stepinto, aura-impl.-init-macrodef-debug, -post-compile-single, compile-test, -pre-test-run, -do-test-run, -post-test-run, -debug-start-debugger, debug, aura-impl.test-report, aura-impl.-debug-start-debugger-stepinto, -pre-debug-fix, -pre-compile-test-single, -do-compile-test-single, -post-compile-test-single, compile-test-single, -do-debug-fix-test, aura-impl.debug-fix-test, aura-impl.compile-test-single, test-report, -test-browse, test, aura-impl.-do-clean, aura-impl.-pre-compile-test, -javadoc-build, -javadoc-browse, javadoc, aura-impl.-pre-pre-compile-test, -debug-start-debuggee-test, aura-impl.-do-compile, aura-impl.-pre-jar, -do-not-recompile, -pre-compile-single, -do-compile-single, compile-single, aura-impl.run-single, aura-impl.-post-init, debug-fix-test, run, aura-impl.-init-user, -do-debug-fix, aura-impl.debug-fix, aura-impl.-debug-start-debuggee-test, aura-impl.-pre-test-run, aura-impl.-do-compile-test, -post-clean, aura-impl.-do-compile-single, aura-impl.-init-macrodef-nbjpda, aura-impl.-do-not-recompile, -pre-test-run-single, -do-test-run-single, -post-test-run-single, aura-impl.test-single, aura-impl.-init-debug-args, aura-impl.-javadoc-build, aura-impl.-do-debug-fix, aura-impl.-test-browse, aura-impl.-do-jar-with-mainclass, aura-impl.jar, default, aura-impl.-post-compile-test-single, aura-impl.-pre-init, aura-impl.-pre-compile-single, aura-impl.-pre-pre-compile, aura-impl.-pre-pre-jar, deps-clean, aura-impl.deps-jar, aura-impl.-do-test-run-single, aura-impl.-pre-compile-test-single, -debug-start-debugger-test, aura-impl.-init-private, -debug-start-debuggee-applet, debug-applet, aura-impl.-post-compile-single, aura-impl.-init-project, aura-impl.-do-jar-with-manifest, aura-impl.-debug-start-debugger-test, aura-impl.compile-single, aura-impl.-debug-start-debugger, debug-test, aura-impl.-compile-test-depend, aura-impl.-verify-automatic-build, aura-impl.-debug-start-debuggee, aura-impl.-init-macrodef-junit, aura-impl.-do-jar-with-libraries, -do-clean, aura-impl.clean, aura-impl.javadoc, aura-impl.-pre-debug-fix, aura-impl.-do-compile-test-single, aura-impl.-check-automatic-build, aura-impl.-debug-start-debuggee-applet, aura-impl.-init-macrodef-property, aura-impl.-post-compile-test, run-applet, test-single, aura-impl.debug-applet, aura-impl.run, -debug-start-debuggee-single, debug-single, aura-impl.-init-libraries, aura-impl.deps-clean, aura-impl.debug, aura-impl.-do-init, aura-impl.-debug-start-debuggee-single, aura-impl.-post-jar, aura-impl.init, aura-impl.compile, aura-impl.default, aura-impl.-do-debug-fix-test, aura-impl.-init-macrodef-java, aura-impl.-init-check, debug-fix, aura-impl.-compile-depend, aura-impl.-post-clean, aura-impl.-pre-compile, aura-impl.-do-jar-without-manifest, aura-impl.-init-macrodef-javac, aura-impl.-pre-test-run-single, clean, aura-impl.-post-test-run, run-single, aura-impl.-clean-after-automatic-build, aura-impl.-javadoc-browse, aura-impl.debug-test, aura-impl.debug-single, aura-impl.-do-test-run, aura-impl.-init-presetdef-jar, aura-impl.run-applet, aura-impl.test, aura-impl.-post-test-run-single, aura-impl.debug-stepinto, aura-impl.-post-compile, ]

-pre-init:

-init-private:
 [property] Loading /Users/stgreen/Projects/Aura/aura-grid/aura/nbproject/private/config.properties
Property "config" has not been set
 [property] Loading /Users/stgreen/Projects/Aura/aura-grid/aura/nbproject/private/configs/${config}.properties
 [property] Unable to find property file: /Users/stgreen/Projects/Aura/aura-grid/aura/nbproject/private/configs/${config}.properties
 [property] Loading /Users/stgreen/Projects/Aura/aura-grid/aura/nbproject/private/private.properties

-init-libraries:
[pathconvert] Set property libraries.1.dir = /Users/stgreen/Projects/Aura/aura-grid/Libraries

-init-user:
 [property] Loading /Users/stgreen/.netbeans/6.5beta/build.properties
Override ignored for property "libs.CopyLibs.classpath"
Override ignored for property "libs.Caroline.javadoc"
Property "j2ee.platform.classpath" has not been set
Override ignored for property "libs.junit.javadoc"
Override ignored for property "libs.Caroline.classpath"
Override ignored for property "libs.junit.classpath"
Override ignored for property "libs.junit_4.classpath"
Override ignored for property "default.javac.source"
Override ignored for property "default.javac.target"

-init-project:
Property "config" has not been set
 [property] Loading /Users/stgreen/Projects/Aura/aura-grid/aura/nbproject/configs/${config}.properties
 [property] Unable to find property file: /Users/stgreen/Projects/Aura/aura-grid/aura/nbproject/configs/${config}.properties
 [property] Loading /Users/stgreen/Projects/Aura/aura-grid/aura/nbproject/project.properties

-init-macrodef-property:
 [macrodef] creating macro  http://www.netbeans.org/ns/j2se-project/1:property

-do-init:
Property "platforms.JDK_1.6.compile" has not been set
Property "platforms.JDK_1.6.javac" has not been set
Override ignored for property "platform.javac"
Property "platforms.JDK_1.6.java" has not been set
Override ignored for property "platform.java"
Property "platforms.JDK_1.6.javadoc" has not been set
Override ignored for property "platform.javadoc"
[available] Found: /Users/stgreen/Projects/Aura/aura-grid/Libraries/manifest.mf
Property "main.class" has not been set
Property "manifest.available+main.class" has not been set
[available] Found: test
[available] Found: src
Override ignored for property "run.jvmargs"
Override ignored for property "javac.compilerargs"
Property "no.dependencies" has not been set
Override ignored for property "javac.debug"
Override ignored for property "javadoc.preview"
Override ignored for property "source.encoding"
Override ignored for property "javadoc.encoding.used"
Override ignored for property "includes"
Override ignored for property "excludes"
Override ignored for property "do.depend"
[available] Unable to find nbproject/jaxws-build.xml

-post-init:

-init-check:

-init-macrodef-javac:
 [macrodef] creating macro  http://www.netbeans.org/ns/j2se-project/3:javac
 [macrodef] creating macro  http://www.netbeans.org/ns/j2se-project/3:depend
 [macrodef] creating macro  http://www.netbeans.org/ns/j2se-project/3:force-recompile

-init-macrodef-junit:
 [macrodef] creating macro  http://www.netbeans.org/ns/j2se-project/3:junit

-init-debug-args:
     [exec] Current OS is Mac OS X
     [exec] Output redirected to property: version-output
     [exec] Executing '/System/Library/Frameworks/JavaVM.framework/Versions/1.6.0/Home/bin/java' with arguments:
     [exec] '-version'
     [exec] 
     [exec] The ' characters around the executable and arguments are
     [exec] not part of the command.
Property "have-jdk-older-than-1.4" has not been set
Property "debug.transport" has not been set

-init-macrodef-nbjpda:
Property "main.class" has not been set
 [macrodef] creating macro  http://www.netbeans.org/ns/j2se-project/1:nbjpdastart
 [macrodef] creating macro  http://www.netbeans.org/ns/j2se-project/1:nbjpdareload

-init-macrodef-debug:
Property "main.class" has not been set
 [macrodef] creating macro  http://www.netbeans.org/ns/j2se-project/3:debug

-init-macrodef-java:
Property "main.class" has not been set
 [macrodef] creating macro  http://www.netbeans.org/ns/j2se-project/1:java

-init-presetdef-jar:
[presetdef] defining preset http://www.netbeans.org/ns/j2se-project/1:jar

init:

deps-jar:

-check-automatic-build:
[available] Unable to find build/classes/.netbeans_automatic_build to set property netbeans.automatic.build

-clean-after-automatic-build:
Skipped because property 'netbeans.automatic.build' not set.

-verify-automatic-build:

-pre-pre-compile:
    [mkdir] Skipping /Users/stgreen/Projects/Aura/aura-grid/aura/build/classes because it already exists.

-pre-compile:

-compile-depend:
Skipped because property 'do.depend.true' not set.

-do-compile:
    [javac] com/sun/labs/aura/AuraService.java omitted as /Users/stgreen/Projects/Aura/aura-grid/aura/build/classes/com/sun/labs/aura/AuraService.class is up to date.
    [javac] com/sun/labs/aura/AuraServiceStarter.java omitted as /Users/stgreen/Projects/Aura/aura-grid/aura/build/classes/com/sun/labs/aura/AuraServiceStarter.class is up to date.
    [javac] com/sun/labs/aura/cluster/Cluster.java omitted as /Users/stgreen/Projects/Aura/aura-grid/aura/build/classes/com/sun/labs/aura/cluster/Cluster.class is up to date.
    [javac] com/sun/labs/aura/cluster/ClusterElement.java omitted as /Users/stgreen/Projects/Aura/aura-grid/aura/build/classes/com/sun/labs/aura/cluster/ClusterElement.class is up to date.
    [javac] com/sun/labs/aura/cluster/KMeans.java omitted as /Users/stgreen/Projects/Aura/aura-grid/aura/build/classes/com/sun/labs/aura/cluster/KMeans.class is up to date.
    [javac] com/sun/labs/aura/datastore/Attention.java omitted as /Users/stgreen/Projects/Aura/aura-grid/aura/build/classes/com/sun/labs/aura/datastore/Attention.class is up to date.
    [javac] com/sun/labs/aura/datastore/AttentionConfig.java omitted as /Users/stgreen/Projects/Aura/aura-grid/aura/build/classes/com/sun/labs/aura/datastore/AttentionConfig.class is up to date.
    [javac] com/sun/labs/aura/datastore/DBIterator.java omitted as /Users/stgreen/Projects/Aura/aura-grid/aura/build/classes/com/sun/labs/aura/datastore/DBIterator.class is up to date.
    [javac] com/sun/labs/aura/datastore/DataStore.java omitted as /Users/stgreen/Projects/Aura/aura-grid/aura/build/classes/com/sun/labs/aura/datastore/DataStore.class is up to date.
    [javac] com/sun/labs/aura/datastore/Indexable.java omitted as /Users/stgreen/Projects/Aura/aura-grid/aura/build/classes/com/sun/labs/aura/datastore/Indexable.class is up to date.
    [javac] com/sun/labs/aura/datastore/Item.java omitted as /Users/stgreen/Projects/Aura/aura-grid/aura/build/classes/com/sun/labs/aura/datastore/Item.class is up to date.
    [javac] com/sun/labs/aura/datastore/ItemEvent.java omitted as /Users/stgreen/Projects/Aura/aura-grid/aura/build/classes/com/sun/labs/aura/datastore/ItemEvent.class is up to date.
    [javac] com/sun/labs/aura/datastore/ItemListener.java omitted as /Users/stgreen/Projects/Aura/aura-grid/aura/build/classes/com/sun/labs/aura/datastore/ItemListener.class is up to date.
    [javac] com/sun/labs/aura/datastore/SimilarityConfig.java omitted as /Users/stgreen/Projects/Aura/aura-grid/aura/build/classes/com/sun/labs/aura/datastore/SimilarityConfig.class is up to date.
    [javac] com/sun/labs/aura/datastore/StoreFactory.java omitted as /Users/stgreen/Projects/Aura/aura-grid/aura/build/classes/com/sun/labs/aura/datastore/StoreFactory.class is up to date.
    [javac] com/sun/labs/aura/datastore/User.java omitted as /Users/stgreen/Projects/Aura/aura-grid/aura/build/classes/com/sun/labs/aura/datastore/User.class is up to date.
    [javac] com/sun/labs/aura/datastore/impl/BinaryTrie.java omitted as /Users/stgreen/Projects/Aura/aura-grid/aura/build/classes/com/sun/labs/aura/datastore/impl/BinaryTrie.class is up to date.
    [javac] com/sun/labs/aura/datastore/impl/DSBitSet.java omitted as /Users/stgreen/Projects/Aura/aura-grid/aura/build/classes/com/sun/labs/aura/datastore/impl/DSBitSet.class is up to date.
    [javac] com/sun/labs/aura/datastore/impl/DataStoreHead.java omitted as /Users/stgreen/Projects/Aura/aura-grid/aura/build/classes/com/sun/labs/aura/datastore/impl/DataStoreHead.class is up to date.
    [javac] com/sun/labs/aura/datastore/impl/ManualProcessManager.java omitted as /Users/stgreen/Projects/Aura/aura-grid/aura/build/classes/com/sun/labs/aura/datastore/impl/ManualProcessManager.class is up to date.
    [javac] com/sun/labs/aura/datastore/impl/MultiDBIterator.java omitted as /Users/stgreen/Projects/Aura/aura-grid/aura/build/classes/com/sun/labs/aura/datastore/impl/MultiDBIterator.class is up to date.
    [javac] com/sun/labs/aura/datastore/impl/MultiNoDupDBIterator.java omitted as /Users/stgreen/Projects/Aura/aura-grid/aura/build/classes/com/sun/labs/aura/datastore/impl/MultiNoDupDBIterator.class is up to date.
    [javac] com/sun/labs/aura/datastore/impl/PCDefaultStrategy.java omitted as /Users/stgreen/Projects/Aura/aura-grid/aura/build/classes/com/sun/labs/aura/datastore/impl/PCDefaultStrategy.class is up to date.
    [javac] com/sun/labs/aura/datastore/impl/PCSplitStrategy.java omitted as /Users/stgreen/Projects/Aura/aura-grid/aura/build/classes/com/sun/labs/aura/datastore/impl/PCSplitStrategy.class is up to date.
    [javac] com/sun/labs/aura/datastore/impl/PCStrategy.java omitted as /Users/stgreen/Projects/Aura/aura-grid/aura/build/classes/com/sun/labs/aura/datastore/impl/PCStrategy.class is up to date.
    [javac] com/sun/labs/aura/datastore/impl/PartitionCluster.java omitted as /Users/stgreen/Projects/Aura/aura-grid/aura/build/classes/com/sun/labs/aura/datastore/impl/PartitionCluster.class is up to date.
    [javac] com/sun/labs/aura/datastore/impl/PartitionClusterImpl.java omitted as /Users/stgreen/Projects/Aura/aura-grid/aura/build/classes/com/sun/labs/aura/datastore/impl/PartitionClusterImpl.class is up to date.
    [javac] com/sun/labs/aura/datastore/impl/ProcessManager.java omitted as /Users/stgreen/Projects/Aura/aura-grid/aura/build/classes/com/sun/labs/aura/datastore/impl/ProcessManager.class is up to date.
    [javac] com/sun/labs/aura/datastore/impl/Replicant.java omitted as /Users/stgreen/Projects/Aura/aura-grid/aura/build/classes/com/sun/labs/aura/datastore/impl/Replicant.class is up to date.
    [javac] com/sun/labs/aura/datastore/impl/Util.java omitted as /Users/stgreen/Projects/Aura/aura-grid/aura/build/classes/com/sun/labs/aura/datastore/impl/Util.class is up to date.
    [javac] com/sun/labs/aura/datastore/impl/store/BerkeleyDataWrapper.java omitted as /Users/stgreen/Projects/Aura/aura-grid/aura/build/classes/com/sun/labs/aura/datastore/impl/store/BerkeleyDataWrapper.class is up to date.
    [javac] com/sun/labs/aura/datastore/impl/store/BerkeleyItemStore.java omitted as /Users/stgreen/Projects/Aura/aura-grid/aura/build/classes/com/sun/labs/aura/datastore/impl/store/BerkeleyItemStore.class is up to date.
    [javac] com/sun/labs/aura/datastore/impl/store/ChangeEvent.java omitted as /Users/stgreen/Projects/Aura/aura-grid/aura/build/classes/com/sun/labs/aura/datastore/impl/store/ChangeEvent.class is up to date.
    [javac] com/sun/labs/aura/datastore/impl/store/DateFilterEntityIterator.java omitted as /Users/stgreen/Projects/Aura/aura-grid/aura/build/classes/com/sun/labs/aura/datastore/impl/store/DateFilterEntityIterator.class is up to date.
    [javac] com/sun/labs/aura/datastore/impl/store/EntityIterator.java omitted as /Users/stgreen/Projects/Aura/aura-grid/aura/build/classes/com/sun/labs/aura/datastore/impl/store/EntityIterator.class is up to date.
    [javac] com/sun/labs/aura/datastore/impl/store/Indexable.java omitted as /Users/stgreen/Projects/Aura/aura-grid/aura/build/classes/com/sun/labs/aura/datastore/impl/store/Indexable.class is up to date.
    [javac] com/sun/labs/aura/datastore/impl/store/ItemSearch.java omitted as /Users/stgreen/Projects/Aura/aura-grid/aura/build/classes/com/sun/labs/aura/datastore/impl/store/ItemSearch.class is up to date.
    [javac] com/sun/labs/aura/datastore/impl/store/ItemSearchEngine.java omitted as /Users/stgreen/Projects/Aura/aura-grid/aura/build/classes/com/sun/labs/aura/datastore/impl/store/ItemSearchEngine.class is up to date.
    [javac] com/sun/labs/aura/datastore/impl/store/ItemStore.java omitted as /Users/stgreen/Projects/Aura/aura-grid/aura/build/classes/com/sun/labs/aura/datastore/impl/store/ItemStore.class is up to date.
    [javac] com/sun/labs/aura/datastore/impl/store/LowLevelSearch.java omitted as /Users/stgreen/Projects/Aura/aura-grid/aura/build/classes/com/sun/labs/aura/datastore/impl/store/LowLevelSearch.class is up to date.
    [javac] com/sun/labs/aura/datastore/impl/store/ReverseAttentionTimeComparator.java omitted as /Users/stgreen/Projects/Aura/aura-grid/aura/build/classes/com/sun/labs/aura/datastore/impl/store/ReverseAttentionTimeComparator.class is up to date.
    [javac] com/sun/labs/aura/datastore/impl/store/itemSearchEngineConfig.xml skipped - don't know how to handle it
    [javac] com/sun/labs/aura/datastore/impl/store/itemSearchEngineNoReapConfig.xml skipped - don't know how to handle it
    [javac] com/sun/labs/aura/datastore/impl/store/persist/FieldDescription.java omitted as /Users/stgreen/Projects/Aura/aura-grid/aura/build/classes/com/sun/labs/aura/datastore/impl/store/persist/FieldDescription.class is up to date.
    [javac] com/sun/labs/aura/datastore/impl/store/persist/IntAndTimeKey.java omitted as /Users/stgreen/Projects/Aura/aura-grid/aura/build/classes/com/sun/labs/aura/datastore/impl/store/persist/IntAndTimeKey.class is up to date.
    [javac] com/sun/labs/aura/datastore/impl/store/persist/ItemImpl.java omitted as /Users/stgreen/Projects/Aura/aura-grid/aura/build/classes/com/sun/labs/aura/datastore/impl/store/persist/ItemImpl.class is up to date.
    [javac] com/sun/labs/aura/datastore/impl/store/persist/PersistentAttention.java omitted as /Users/stgreen/Projects/Aura/aura-grid/aura/build/classes/com/sun/labs/aura/datastore/impl/store/persist/PersistentAttention.class is up to date.
    [javac] com/sun/labs/aura/datastore/impl/store/persist/StringAndTimeKey.java omitted as /Users/stgreen/Projects/Aura/aura-grid/aura/build/classes/com/sun/labs/aura/datastore/impl/store/persist/StringAndTimeKey.class is up to date.
    [javac] com/sun/labs/aura/datastore/impl/store/persist/UserImpl.java omitted as /Users/stgreen/Projects/Aura/aura-grid/aura/build/classes/com/sun/labs/aura/datastore/impl/store/persist/UserImpl.class is up to date.
    [javac] com/sun/labs/aura/datastore/util/DataStoreFactory.java omitted as /Users/stgreen/Projects/Aura/aura-grid/aura/build/classes/com/sun/labs/aura/datastore/util/DataStoreFactory.class is up to date.
    [javac] com/sun/labs/aura/datastore/util/SinglePathStoreConfig.xml skipped - don't know how to handle it
    [javac] com/sun/labs/aura/datastore/util/dataStoreHeadConfig.xml skipped - don't know how to handle it
    [javac] com/sun/labs/aura/datastore/util/dataStoreHeadRetreiveConfig.xml skipped - don't know how to handle it
    [javac] com/sun/labs/aura/datastore/util/partitionClusterConfig.xml skipped - don't know how to handle it
    [javac] com/sun/labs/aura/datastore/util/replicantConfig.xml skipped - don't know how to handle it
    [javac] com/sun/labs/aura/mr/ReplicantProcessor.java omitted as /Users/stgreen/Projects/Aura/aura-grid/aura/build/classes/com/sun/labs/aura/mr/ReplicantProcessor.class is up to date.
    [javac] com/sun/labs/aura/recommender/FieldExclusionFilter.java omitted as /Users/stgreen/Projects/Aura/aura-grid/aura/build/classes/com/sun/labs/aura/recommender/FieldExclusionFilter.class is up to date.
    [javac] com/sun/labs/aura/recommender/FieldRangeFilter.java omitted as /Users/stgreen/Projects/Aura/aura-grid/aura/build/classes/com/sun/labs/aura/recommender/FieldRangeFilter.class is up to date.
    [javac] com/sun/labs/aura/recommender/LengthFilter.java omitted as /Users/stgreen/Projects/Aura/aura-grid/aura/build/classes/com/sun/labs/aura/recommender/LengthFilter.class is up to date.
    [javac] com/sun/labs/aura/recommender/Recommendation.java omitted as /Users/stgreen/Projects/Aura/aura-grid/aura/build/classes/com/sun/labs/aura/recommender/Recommendation.class is up to date.
    [javac] com/sun/labs/aura/recommender/RecommenderManager.java omitted as /Users/stgreen/Projects/Aura/aura-grid/aura/build/classes/com/sun/labs/aura/recommender/RecommenderManager.class is up to date.
    [javac] com/sun/labs/aura/recommender/RecommenderProfile.java omitted as /Users/stgreen/Projects/Aura/aura-grid/aura/build/classes/com/sun/labs/aura/recommender/RecommenderProfile.class is up to date.
    [javac] com/sun/labs/aura/recommender/ResultsFilterAdapter.java omitted as /Users/stgreen/Projects/Aura/aura-grid/aura/build/classes/com/sun/labs/aura/recommender/ResultsFilterAdapter.class is up to date.
    [javac] com/sun/labs/aura/recommender/TypeFilter.java omitted as /Users/stgreen/Projects/Aura/aura-grid/aura/build/classes/com/sun/labs/aura/recommender/TypeFilter.class is up to date.
    [javac] com/sun/labs/aura/resource/dataStoreHeadConfig.xml skipped - don't know how to handle it
    [javac] com/sun/labs/aura/resource/dataStorePMConfig.xml skipped - don't know how to handle it
    [javac] com/sun/labs/aura/resource/exportedAIOVMDSConfig.xml skipped - don't know how to handle it
    [javac] com/sun/labs/aura/resource/partitionClusterConfig.xml skipped - don't know how to handle it
    [javac] com/sun/labs/aura/resource/repPCConfig.xml skipped - don't know how to handle it
    [javac] com/sun/labs/aura/resource/replicantConfig.xml skipped - don't know how to handle it
    [javac] com/sun/labs/aura/resource/replicantCopyConfig.xml skipped - don't know how to handle it
    [javac] com/sun/labs/aura/resource/replicantSlowDumpConfig.xml skipped - don't know how to handle it
    [javac] com/sun/labs/aura/resource/statServiceConfig.xml skipped - don't know how to handle it
    [javac] com/sun/labs/aura/resource/stopwords skipped - don't know how to handle it
    [javac] com/sun/labs/aura/util/AuraException.java omitted as /Users/stgreen/Projects/Aura/aura-grid/aura/build/classes/com/sun/labs/aura/util/AuraException.class is up to date.
    [javac] com/sun/labs/aura/util/AuraShell.java omitted as /Users/stgreen/Projects/Aura/aura-grid/aura/build/classes/com/sun/labs/aura/util/AuraShell.class is up to date.
    [javac] com/sun/labs/aura/util/DBCount.java omitted as /Users/stgreen/Projects/Aura/aura-grid/aura/build/classes/com/sun/labs/aura/util/DBCount.class is up to date.
    [javac] com/sun/labs/aura/util/DBSplitter.java omitted as /Users/stgreen/Projects/Aura/aura-grid/aura/build/classes/com/sun/labs/aura/util/DBSplitter.class is up to date.
    [javac] com/sun/labs/aura/util/DecreasingScoredComparator.java omitted as /Users/stgreen/Projects/Aura/aura-grid/aura/build/classes/com/sun/labs/aura/util/DecreasingScoredComparator.class is up to date.
    [javac] com/sun/labs/aura/util/DumpServices.java omitted as /Users/stgreen/Projects/Aura/aura-grid/aura/build/classes/com/sun/labs/aura/util/DumpServices.class is up to date.
    [javac] com/sun/labs/aura/util/GridDeploy.java omitted as /Users/stgreen/Projects/Aura/aura-grid/aura/build/classes/com/sun/labs/aura/util/GridDeploy.class is up to date.
    [javac] com/sun/labs/aura/util/ItemAdapter.java omitted as /Users/stgreen/Projects/Aura/aura-grid/aura/build/classes/com/sun/labs/aura/util/ItemAdapter.class is up to date.
    [javac] com/sun/labs/aura/util/ItemScheduler.java omitted as /Users/stgreen/Projects/Aura/aura-grid/aura/build/classes/com/sun/labs/aura/util/ItemScheduler.class is up to date.
    [javac] com/sun/labs/aura/util/ItemSchedulerImpl.java omitted as /Users/stgreen/Projects/Aura/aura-grid/aura/build/classes/com/sun/labs/aura/util/ItemSchedulerImpl.class is up to date.
    [javac] com/sun/labs/aura/util/LoadTest.java omitted as /Users/stgreen/Projects/Aura/aura-grid/aura/build/classes/com/sun/labs/aura/util/LoadTest.class is up to date.
    [javac] com/sun/labs/aura/util/PersistentStringSet.java omitted as /Users/stgreen/Projects/Aura/aura-grid/aura/build/classes/com/sun/labs/aura/util/PersistentStringSet.class is up to date.
    [javac] com/sun/labs/aura/util/Reindexer.java omitted as /Users/stgreen/Projects/Aura/aura-grid/aura/build/classes/com/sun/labs/aura/util/Reindexer.class is up to date.
    [javac] com/sun/labs/aura/util/ReverseScoredComparator.java omitted as /Users/stgreen/Projects/Aura/aura-grid/aura/build/classes/com/sun/labs/aura/util/ReverseScoredComparator.class is up to date.
    [javac] com/sun/labs/aura/util/Scored.java omitted as /Users/stgreen/Projects/Aura/aura-grid/aura/build/classes/com/sun/labs/aura/util/Scored.class is up to date.
    [javac] com/sun/labs/aura/util/ScoredComparator.java omitted as /Users/stgreen/Projects/Aura/aura-grid/aura/build/classes/com/sun/labs/aura/util/ScoredComparator.class is up to date.
    [javac] com/sun/labs/aura/util/ShellUtils.java omitted as /Users/stgreen/Projects/Aura/aura-grid/aura/build/classes/com/sun/labs/aura/util/ShellUtils.class is up to date.
    [javac] com/sun/labs/aura/util/StatService.java omitted as /Users/stgreen/Projects/Aura/aura-grid/aura/build/classes/com/sun/labs/aura/util/StatService.class is up to date.
    [javac] com/sun/labs/aura/util/StatServiceImpl.java omitted as /Users/stgreen/Projects/Aura/aura-grid/aura/build/classes/com/sun/labs/aura/util/StatServiceImpl.class is up to date.
    [javac] com/sun/labs/aura/util/Tag.java omitted as /Users/stgreen/Projects/Aura/aura-grid/aura/build/classes/com/sun/labs/aura/util/Tag.class is up to date.
    [javac] com/sun/labs/aura/util/Times.java omitted as /Users/stgreen/Projects/Aura/aura-grid/aura/build/classes/com/sun/labs/aura/util/Times.class is up to date.
    [javac] com/sun/labs/aura/util/WordCloud.java omitted as /Users/stgreen/Projects/Aura/aura-grid/aura/build/classes/com/sun/labs/aura/util/WordCloud.class is up to date.
    [javac] com/sun/labs/aura/util/classifiers/BuildClassifiers.java omitted as /Users/stgreen/Projects/Aura/aura-grid/aura/build/classes/com/sun/labs/aura/util/classifiers/BuildClassifiers.class is up to date.
    [javac] com/sun/labs/aura/util/classifiers/ContingencyTable.java omitted as /Users/stgreen/Projects/Aura/aura-grid/aura/build/classes/com/sun/labs/aura/util/classifiers/ContingencyTable.class is up to date.
    [javac] com/sun/labs/aura/util/classifiers/DescribeClassifiers.java omitted as /Users/stgreen/Projects/Aura/aura-grid/aura/build/classes/com/sun/labs/aura/util/classifiers/DescribeClassifiers.class is up to date.
    [javac] com/sun/labs/aura/util/classifiers/EvaluateClassifiers.java omitted as /Users/stgreen/Projects/Aura/aura-grid/aura/build/classes/com/sun/labs/aura/util/classifiers/EvaluateClassifiers.class is up to date.
    [javac] com/sun/labs/aura/util/classifiers/Util.java omitted as /Users/stgreen/Projects/Aura/aura-grid/aura/build/classes/com/sun/labs/aura/util/classifiers/Util.class is up to date.
    [javac] com/sun/labs/aura/util/io/CartesianProductMerger.java omitted as /Users/stgreen/Projects/Aura/aura-grid/aura/build/classes/com/sun/labs/aura/util/io/CartesianProductMerger.class is up to date.
    [javac] com/sun/labs/aura/util/io/Combiner.java omitted as /Users/stgreen/Projects/Aura/aura-grid/aura/build/classes/com/sun/labs/aura/util/io/Combiner.class is up to date.
    [javac] com/sun/labs/aura/util/io/FloatCombiner.java omitted as /Users/stgreen/Projects/Aura/aura-grid/aura/build/classes/com/sun/labs/aura/util/io/FloatCombiner.class is up to date.
    [javac] com/sun/labs/aura/util/io/GroupedMerger.java omitted as /Users/stgreen/Projects/Aura/aura-grid/aura/build/classes/com/sun/labs/aura/util/io/GroupedMerger.class is up to date.
    [javac] com/sun/labs/aura/util/io/IntegerCombiner.java omitted as /Users/stgreen/Projects/Aura/aura-grid/aura/build/classes/com/sun/labs/aura/util/io/IntegerCombiner.class is up to date.
    [javac] com/sun/labs/aura/util/io/KeyedInputStream.java omitted as /Users/stgreen/Projects/Aura/aura-grid/aura/build/classes/com/sun/labs/aura/util/io/KeyedInputStream.class is up to date.
    [javac] com/sun/labs/aura/util/io/KeyedOutputStream.java omitted as /Users/stgreen/Projects/Aura/aura-grid/aura/build/classes/com/sun/labs/aura/util/io/KeyedOutputStream.class is up to date.
    [javac] com/sun/labs/aura/util/io/KeyedStream.java omitted as /Users/stgreen/Projects/Aura/aura-grid/aura/build/classes/com/sun/labs/aura/util/io/KeyedStream.class is up to date.
    [javac] com/sun/labs/aura/util/io/LongCombiner.java omitted as /Users/stgreen/Projects/Aura/aura-grid/aura/build/classes/com/sun/labs/aura/util/io/LongCombiner.class is up to date.
    [javac] com/sun/labs/aura/util/io/Merger.java omitted as /Users/stgreen/Projects/Aura/aura-grid/aura/build/classes/com/sun/labs/aura/util/io/Merger.class is up to date.
    [javac] com/sun/labs/aura/util/io/OutFileGenerator.java omitted as /Users/stgreen/Projects/Aura/aura-grid/aura/build/classes/com/sun/labs/aura/util/io/OutFileGenerator.class is up to date.
    [javac] com/sun/labs/aura/util/io/PairPermutationJoiner.java omitted as /Users/stgreen/Projects/Aura/aura-grid/aura/build/classes/com/sun/labs/aura/util/io/PairPermutationJoiner.class is up to date.
    [javac] com/sun/labs/aura/util/io/Record.java omitted as /Users/stgreen/Projects/Aura/aura-grid/aura/build/classes/com/sun/labs/aura/util/io/Record.class is up to date.
    [javac] com/sun/labs/aura/util/io/RecordMerger.java omitted as /Users/stgreen/Projects/Aura/aura-grid/aura/build/classes/com/sun/labs/aura/util/io/RecordMerger.class is up to date.
    [javac] com/sun/labs/aura/util/io/RecordSet.java omitted as /Users/stgreen/Projects/Aura/aura-grid/aura/build/classes/com/sun/labs/aura/util/io/RecordSet.class is up to date.
    [javac] com/sun/labs/aura/util/io/Sorter.java omitted as /Users/stgreen/Projects/Aura/aura-grid/aura/build/classes/com/sun/labs/aura/util/io/Sorter.class is up to date.
    [javac] com/sun/labs/aura/util/io/SplitKeyedInputStream.java omitted as /Users/stgreen/Projects/Aura/aura-grid/aura/build/classes/com/sun/labs/aura/util/io/SplitKeyedInputStream.class is up to date.
    [javac] com/sun/labs/aura/util/io/SplitKeyedOutputStream.java omitted as /Users/stgreen/Projects/Aura/aura-grid/aura/build/classes/com/sun/labs/aura/util/io/SplitKeyedOutputStream.class is up to date.
    [javac] com/sun/labs/aura/util/io/StructuredKeyedInputStream.java omitted as /Users/stgreen/Projects/Aura/aura-grid/aura/build/classes/com/sun/labs/aura/util/io/StructuredKeyedInputStream.class is up to date.
    [javac] com/sun/labs/aura/util/io/StructuredKeyedOutputStream.java omitted as /Users/stgreen/Projects/Aura/aura-grid/aura/build/classes/com/sun/labs/aura/util/io/StructuredKeyedOutputStream.class is up to date.
    [javac] com/sun/labs/aura/util/io/TestDataGenerator.java omitted as /Users/stgreen/Projects/Aura/aura-grid/aura/build/classes/com/sun/labs/aura/util/io/TestDataGenerator.class is up to date.
    [javac] com/sun/labs/aura/util/persistentStringSetEngineConfig.xml skipped - don't know how to handle it
    [javac] com/sun/labs/aura/util/resource/auraShellConfig.xml skipped - don't know how to handle it
    [javac] com/sun/labs/aura/util/resource/reindexConfig.xml skipped - don't know how to handle it
     [copy] com/sun/labs/aura/datastore/impl/store/itemSearchEngineConfig.xml omitted as /Users/stgreen/Projects/Aura/aura-grid/aura/build/classes/com/sun/labs/aura/datastore/impl/store/itemSearchEngineConfig.xml is up to date.
     [copy] com/sun/labs/aura/datastore/impl/store/itemSearchEngineNoReapConfig.xml omitted as /Users/stgreen/Projects/Aura/aura-grid/aura/build/classes/com/sun/labs/aura/datastore/impl/store/itemSearchEngineNoReapConfig.xml is up to date.
     [copy] com/sun/labs/aura/datastore/util/SinglePathStoreConfig.xml omitted as /Users/stgreen/Projects/Aura/aura-grid/aura/build/classes/com/sun/labs/aura/datastore/util/SinglePathStoreConfig.xml is up to date.
     [copy] com/sun/labs/aura/datastore/util/dataStoreHeadConfig.xml omitted as /Users/stgreen/Projects/Aura/aura-grid/aura/build/classes/com/sun/labs/aura/datastore/util/dataStoreHeadConfig.xml is up to date.
     [copy] com/sun/labs/aura/datastore/util/dataStoreHeadRetreiveConfig.xml omitted as /Users/stgreen/Projects/Aura/aura-grid/aura/build/classes/com/sun/labs/aura/datastore/util/dataStoreHeadRetreiveConfig.xml is up to date.
     [copy] com/sun/labs/aura/datastore/util/partitionClusterConfig.xml omitted as /Users/stgreen/Projects/Aura/aura-grid/aura/build/classes/com/sun/labs/aura/datastore/util/partitionClusterConfig.xml is up to date.
     [copy] com/sun/labs/aura/datastore/util/replicantConfig.xml omitted as /Users/stgreen/Projects/Aura/aura-grid/aura/build/classes/com/sun/labs/aura/datastore/util/replicantConfig.xml is up to date.
     [copy] com/sun/labs/aura/resource/dataStoreHeadConfig.xml omitted as /Users/stgreen/Projects/Aura/aura-grid/aura/build/classes/com/sun/labs/aura/resource/dataStoreHeadConfig.xml is up to date.
     [copy] com/sun/labs/aura/resource/dataStorePMConfig.xml omitted as /Users/stgreen/Projects/Aura/aura-grid/aura/build/classes/com/sun/labs/aura/resource/dataStorePMConfig.xml is up to date.
     [copy] com/sun/labs/aura/resource/exportedAIOVMDSConfig.xml omitted as /Users/stgreen/Projects/Aura/aura-grid/aura/build/classes/com/sun/labs/aura/resource/exportedAIOVMDSConfig.xml is up to date.
     [copy] com/sun/labs/aura/resource/partitionClusterConfig.xml omitted as /Users/stgreen/Projects/Aura/aura-grid/aura/build/classes/com/sun/labs/aura/resource/partitionClusterConfig.xml is up to date.
     [copy] com/sun/labs/aura/resource/repPCConfig.xml omitted as /Users/stgreen/Projects/Aura/aura-grid/aura/build/classes/com/sun/labs/aura/resource/repPCConfig.xml is up to date.
     [copy] com/sun/labs/aura/resource/replicantConfig.xml omitted as /Users/stgreen/Projects/Aura/aura-grid/aura/build/classes/com/sun/labs/aura/resource/replicantConfig.xml is up to date.
     [copy] com/sun/labs/aura/resource/replicantCopyConfig.xml omitted as /Users/stgreen/Projects/Aura/aura-grid/aura/build/classes/com/sun/labs/aura/resource/replicantCopyConfig.xml is up to date.
     [copy] com/sun/labs/aura/resource/replicantSlowDumpConfig.xml omitted as /Users/stgreen/Projects/Aura/aura-grid/aura/build/classes/com/sun/labs/aura/resource/replicantSlowDumpConfig.xml is up to date.
     [copy] com/sun/labs/aura/resource/statServiceConfig.xml omitted as /Users/stgreen/Projects/Aura/aura-grid/aura/build/classes/com/sun/labs/aura/resource/statServiceConfig.xml is up to date.
     [copy] com/sun/labs/aura/resource/stopwords omitted as /Users/stgreen/Projects/Aura/aura-grid/aura/build/classes/com/sun/labs/aura/resource/stopwords is up to date.
     [copy] com/sun/labs/aura/util/persistentStringSetEngineConfig.xml omitted as /Users/stgreen/Projects/Aura/aura-grid/aura/build/classes/com/sun/labs/aura/util/persistentStringSetEngineConfig.xml is up to date.
     [copy] com/sun/labs/aura/util/resource/auraShellConfig.xml omitted as /Users/stgreen/Projects/Aura/aura-grid/aura/build/classes/com/sun/labs/aura/util/resource/auraShellConfig.xml is up to date.
     [copy] com/sun/labs/aura/util/resource/reindexConfig.xml omitted as /Users/stgreen/Projects/Aura/aura-grid/aura/build/classes/com/sun/labs/aura/util/resource/reindexConfig.xml is up to date.
     [copy]  omitted as /Users/stgreen/Projects/Aura/aura-grid/aura/build/classes is up to date.
     [copy] com omitted as /Users/stgreen/Projects/Aura/aura-grid/aura/build/classes/com is up to date.
     [copy] com/sun omitted as /Users/stgreen/Projects/Aura/aura-grid/aura/build/classes/com/sun is up to date.
     [copy] com/sun/labs omitted as /Users/stgreen/Projects/Aura/aura-grid/aura/build/classes/com/sun/labs is up to date.
     [copy] com/sun/labs/aura omitted as /Users/stgreen/Projects/Aura/aura-grid/aura/build/classes/com/sun/labs/aura is up to date.
     [copy] com/sun/labs/aura/cluster omitted as /Users/stgreen/Projects/Aura/aura-grid/aura/build/classes/com/sun/labs/aura/cluster is up to date.
     [copy] com/sun/labs/aura/datastore omitted as /Users/stgreen/Projects/Aura/aura-grid/aura/build/classes/com/sun/labs/aura/datastore is up to date.
     [copy] com/sun/labs/aura/datastore/impl omitted as /Users/stgreen/Projects/Aura/aura-grid/aura/build/classes/com/sun/labs/aura/datastore/impl is up to date.
     [copy] com/sun/labs/aura/datastore/impl/store omitted as /Users/stgreen/Projects/Aura/aura-grid/aura/build/classes/com/sun/labs/aura/datastore/impl/store is up to date.
     [copy] com/sun/labs/aura/datastore/impl/store/persist omitted as /Users/stgreen/Projects/Aura/aura-grid/aura/build/classes/com/sun/labs/aura/datastore/impl/store/persist is up to date.
     [copy] com/sun/labs/aura/datastore/util omitted as /Users/stgreen/Projects/Aura/aura-grid/aura/build/classes/com/sun/labs/aura/datastore/util is up to date.
     [copy] com/sun/labs/aura/mr omitted as /Users/stgreen/Projects/Aura/aura-grid/aura/build/classes/com/sun/labs/aura/mr is up to date.
     [copy] com/sun/labs/aura/recommender omitted as /Users/stgreen/Projects/Aura/aura-grid/aura/build/classes/com/sun/labs/aura/recommender is up to date.
     [copy] com/sun/labs/aura/resource omitted as /Users/stgreen/Projects/Aura/aura-grid/aura/build/classes/com/sun/labs/aura/resource is up to date.
     [copy] com/sun/labs/aura/util omitted as /Users/stgreen/Projects/Aura/aura-grid/aura/build/classes/com/sun/labs/aura/util is up to date.
     [copy] com/sun/labs/aura/util/classifiers omitted as /Users/stgreen/Projects/Aura/aura-grid/aura/build/classes/com/sun/labs/aura/util/classifiers is up to date.
     [copy] com/sun/labs/aura/util/io omitted as /Users/stgreen/Projects/Aura/aura-grid/aura/build/classes/com/sun/labs/aura/util/io is up to date.
     [copy] com/sun/labs/aura/util/resource omitted as /Users/stgreen/Projects/Aura/aura-grid/aura/build/classes/com/sun/labs/aura/util/resource is up to date.

-post-compile:

compile:

-pre-jar:

-pre-pre-jar:
    [mkdir] Skipping /Users/stgreen/Projects/Aura/aura-grid/aura/dist because it already exists.

-do-jar-with-manifest:
[j2seproject1:jar] Updating jar since jar manifest has changed
[j2seproject1:jar] Building jar: /Users/stgreen/Projects/Aura/aura-grid/aura/dist/aura.jar
[j2seproject1:jar] adding directory META-INF/
[j2seproject1:jar] adding entry META-INF/MANIFEST.MF
[j2seproject1:jar] adding directory com/
[j2seproject1:jar] adding directory com/sun/
[j2seproject1:jar] adding directory com/sun/labs/
[j2seproject1:jar] adding directory com/sun/labs/aura/
[j2seproject1:jar] adding directory com/sun/labs/aura/cluster/
[j2seproject1:jar] adding directory com/sun/labs/aura/datastore/
[j2seproject1:jar] adding directory com/sun/labs/aura/datastore/impl/
[j2seproject1:jar] adding directory com/sun/labs/aura/datastore/impl/store/
[j2seproject1:jar] adding directory com/sun/labs/aura/datastore/impl/store/persist/
[j2seproject1:jar] adding directory com/sun/labs/aura/datastore/util/
[j2seproject1:jar] adding directory com/sun/labs/aura/mr/
[j2seproject1:jar] adding directory com/sun/labs/aura/recommender/
[j2seproject1:jar] adding directory com/sun/labs/aura/resource/
[j2seproject1:jar] adding directory com/sun/labs/aura/util/
[j2seproject1:jar] adding directory com/sun/labs/aura/util/classifiers/
[j2seproject1:jar] adding directory com/sun/labs/aura/util/io/
[j2seproject1:jar] adding directory com/sun/labs/aura/util/resource/
[j2seproject1:jar] adding entry com/sun/labs/aura/AuraService.class
[j2seproject1:jar] adding entry com/sun/labs/aura/AuraServiceStarter$1.class
[j2seproject1:jar] adding entry com/sun/labs/aura/AuraServiceStarter.class
[j2seproject1:jar] adding entry com/sun/labs/aura/cluster/Cluster$HE.class
[j2seproject1:jar] adding entry com/sun/labs/aura/cluster/Cluster.class
[j2seproject1:jar] adding entry com/sun/labs/aura/cluster/ClusterElement.class
[j2seproject1:jar] adding entry com/sun/labs/aura/cluster/KMeans.class
[j2seproject1:jar] adding entry com/sun/labs/aura/datastore/Attention$Type.class
[j2seproject1:jar] adding entry com/sun/labs/aura/datastore/Attention.class
[j2seproject1:jar] adding entry com/sun/labs/aura/datastore/AttentionConfig.class
[j2seproject1:jar] adding entry com/sun/labs/aura/datastore/DBIterator.class
[j2seproject1:jar] adding entry com/sun/labs/aura/datastore/DataStore.class
[j2seproject1:jar] adding entry com/sun/labs/aura/datastore/Indexable.class
[j2seproject1:jar] adding entry com/sun/labs/aura/datastore/Item$FieldCapability.class
[j2seproject1:jar] adding entry com/sun/labs/aura/datastore/Item$FieldType.class
[j2seproject1:jar] adding entry com/sun/labs/aura/datastore/Item$ItemType.class
[j2seproject1:jar] adding entry com/sun/labs/aura/datastore/Item.class
[j2seproject1:jar] adding entry com/sun/labs/aura/datastore/ItemEvent$ChangeType.class
[j2seproject1:jar] adding entry com/sun/labs/aura/datastore/ItemEvent.class
[j2seproject1:jar] adding entry com/sun/labs/aura/datastore/ItemListener.class
[j2seproject1:jar] adding entry com/sun/labs/aura/datastore/SimilarityConfig.class
[j2seproject1:jar] adding entry com/sun/labs/aura/datastore/StoreFactory.class
[j2seproject1:jar] adding entry com/sun/labs/aura/datastore/User.class
[j2seproject1:jar] adding entry com/sun/labs/aura/datastore/impl/BinaryTrie$TrieNode.class
[j2seproject1:jar] adding entry com/sun/labs/aura/datastore/impl/BinaryTrie.class
[j2seproject1:jar] adding entry com/sun/labs/aura/datastore/impl/DSBitSet.class
[j2seproject1:jar] adding entry com/sun/labs/aura/datastore/impl/DataStoreHead$1.class
[j2seproject1:jar] adding entry com/sun/labs/aura/datastore/impl/DataStoreHead$10.class
[j2seproject1:jar] adding entry com/sun/labs/aura/datastore/impl/DataStoreHead$11.class
[j2seproject1:jar] adding entry com/sun/labs/aura/datastore/impl/DataStoreHead$12.class
[j2seproject1:jar] adding entry com/sun/labs/aura/datastore/impl/DataStoreHead$13.class
[j2seproject1:jar] adding entry com/sun/labs/aura/datastore/impl/DataStoreHead$14.class
[j2seproject1:jar] adding entry com/sun/labs/aura/datastore/impl/DataStoreHead$15.class
[j2seproject1:jar] adding entry com/sun/labs/aura/datastore/impl/DataStoreHead$16.class
[j2seproject1:jar] adding entry com/sun/labs/aura/datastore/impl/DataStoreHead$17.class
[j2seproject1:jar] adding entry com/sun/labs/aura/datastore/impl/DataStoreHead$18.class
[j2seproject1:jar] adding entry com/sun/labs/aura/datastore/impl/DataStoreHead$19.class
[j2seproject1:jar] adding entry com/sun/labs/aura/datastore/impl/DataStoreHead$2.class
[j2seproject1:jar] adding entry com/sun/labs/aura/datastore/impl/DataStoreHead$20.class
[j2seproject1:jar] adding entry com/sun/labs/aura/datastore/impl/DataStoreHead$21.class
[j2seproject1:jar] adding entry com/sun/labs/aura/datastore/impl/DataStoreHead$22.class
[j2seproject1:jar] adding entry com/sun/labs/aura/datastore/impl/DataStoreHead$23.class
[j2seproject1:jar] adding entry com/sun/labs/aura/datastore/impl/DataStoreHead$3.class
[j2seproject1:jar] adding entry com/sun/labs/aura/datastore/impl/DataStoreHead$4.class
[j2seproject1:jar] adding entry com/sun/labs/aura/datastore/impl/DataStoreHead$5.class
[j2seproject1:jar] adding entry com/sun/labs/aura/datastore/impl/DataStoreHead$6.class
[j2seproject1:jar] adding entry com/sun/labs/aura/datastore/impl/DataStoreHead$7.class
[j2seproject1:jar] adding entry com/sun/labs/aura/datastore/impl/DataStoreHead$8.class
[j2seproject1:jar] adding entry com/sun/labs/aura/datastore/impl/DataStoreHead$9.class
[j2seproject1:jar] adding entry com/sun/labs/aura/datastore/impl/DataStoreHead$ItemCallable.class
[j2seproject1:jar] adding entry com/sun/labs/aura/datastore/impl/DataStoreHead$PCCaller.class
[j2seproject1:jar] adding entry com/sun/labs/aura/datastore/impl/DataStoreHead$PCLatch.class
[j2seproject1:jar] adding entry com/sun/labs/aura/datastore/impl/DataStoreHead.class
[j2seproject1:jar] adding entry com/sun/labs/aura/datastore/impl/ManualProcessManager.class
[j2seproject1:jar] adding entry com/sun/labs/aura/datastore/impl/MultiDBIterator.class
[j2seproject1:jar] adding entry com/sun/labs/aura/datastore/impl/MultiNoDupDBIterator.class
[j2seproject1:jar] adding entry com/sun/labs/aura/datastore/impl/PCDefaultStrategy.class
[j2seproject1:jar] adding entry com/sun/labs/aura/datastore/impl/PCSplitStrategy.class
[j2seproject1:jar] adding entry com/sun/labs/aura/datastore/impl/PCStrategy.class
[j2seproject1:jar] adding entry com/sun/labs/aura/datastore/impl/PartitionCluster.class
[j2seproject1:jar] adding entry com/sun/labs/aura/datastore/impl/PartitionClusterImpl$MigrateAttentions.class
[j2seproject1:jar] adding entry com/sun/labs/aura/datastore/impl/PartitionClusterImpl$MigrateItems.class
[j2seproject1:jar] adding entry com/sun/labs/aura/datastore/impl/PartitionClusterImpl$SplitMonitor.class
[j2seproject1:jar] adding entry com/sun/labs/aura/datastore/impl/PartitionClusterImpl.class
[j2seproject1:jar] adding entry com/sun/labs/aura/datastore/impl/ProcessManager.class
[j2seproject1:jar] adding entry com/sun/labs/aura/datastore/impl/Replicant.class
[j2seproject1:jar] adding entry com/sun/labs/aura/datastore/impl/Util.class
[j2seproject1:jar] adding entry com/sun/labs/aura/datastore/impl/store/BerkeleyDataWrapper.class
[j2seproject1:jar] adding entry com/sun/labs/aura/datastore/impl/store/BerkeleyItemStore.class
[j2seproject1:jar] adding entry com/sun/labs/aura/datastore/impl/store/ChangeEvent.class
[j2seproject1:jar] adding entry com/sun/labs/aura/datastore/impl/store/DateFilterEntityIterator.class
[j2seproject1:jar] adding entry com/sun/labs/aura/datastore/impl/store/EntityIterator.class
[j2seproject1:jar] adding entry com/sun/labs/aura/datastore/impl/store/Indexable.class
[j2seproject1:jar] adding entry com/sun/labs/aura/datastore/impl/store/ItemSearch.class
[j2seproject1:jar] adding entry com/sun/labs/aura/datastore/impl/store/ItemSearchEngine$1.class
[j2seproject1:jar] adding entry com/sun/labs/aura/datastore/impl/store/ItemSearchEngine$FlushTimerTask.class
[j2seproject1:jar] adding entry com/sun/labs/aura/datastore/impl/store/ItemSearchEngine.class
[j2seproject1:jar] adding entry com/sun/labs/aura/datastore/impl/store/ItemStore.class
[j2seproject1:jar] adding entry com/sun/labs/aura/datastore/impl/store/LowLevelSearch.class
[j2seproject1:jar] adding entry com/sun/labs/aura/datastore/impl/store/ReverseAttentionTimeComparator.class
[j2seproject1:jar] adding entry com/sun/labs/aura/datastore/impl/store/itemSearchEngineConfig.xml
[j2seproject1:jar] adding entry com/sun/labs/aura/datastore/impl/store/itemSearchEngineNoReapConfig.xml
[j2seproject1:jar] adding entry com/sun/labs/aura/datastore/impl/store/persist/FieldDescription.class
[j2seproject1:jar] adding entry com/sun/labs/aura/datastore/impl/store/persist/IntAndTimeKey.class
[j2seproject1:jar] adding entry com/sun/labs/aura/datastore/impl/store/persist/ItemImpl.class
[j2seproject1:jar] adding entry com/sun/labs/aura/datastore/impl/store/persist/PersistentAttention.class
[j2seproject1:jar] adding entry com/sun/labs/aura/datastore/impl/store/persist/StringAndTimeKey.class
[j2seproject1:jar] adding entry com/sun/labs/aura/datastore/impl/store/persist/UserImpl.class
[j2seproject1:jar] adding entry com/sun/labs/aura/datastore/util/DataStoreFactory.class
[j2seproject1:jar] adding entry com/sun/labs/aura/datastore/util/SinglePathStoreConfig.xml
[j2seproject1:jar] adding entry com/sun/labs/aura/datastore/util/dataStoreHeadConfig.xml
[j2seproject1:jar] adding entry com/sun/labs/aura/datastore/util/dataStoreHeadRetreiveConfig.xml
[j2seproject1:jar] adding entry com/sun/labs/aura/datastore/util/partitionClusterConfig.xml
[j2seproject1:jar] adding entry com/sun/labs/aura/datastore/util/replicantConfig.xml
[j2seproject1:jar] adding entry com/sun/labs/aura/mr/ReplicantProcessor.class
[j2seproject1:jar] adding entry com/sun/labs/aura/recommender/FieldExclusionFilter.class
[j2seproject1:jar] adding entry com/sun/labs/aura/recommender/FieldRangeFilter.class
[j2seproject1:jar] adding entry com/sun/labs/aura/recommender/LengthFilter.class
[j2seproject1:jar] adding entry com/sun/labs/aura/recommender/Recommendation.class
[j2seproject1:jar] adding entry com/sun/labs/aura/recommender/RecommenderManager.class
[j2seproject1:jar] adding entry com/sun/labs/aura/recommender/RecommenderProfile$1.class
[j2seproject1:jar] adding entry com/sun/labs/aura/recommender/RecommenderProfile$2.class
[j2seproject1:jar] adding entry com/sun/labs/aura/recommender/RecommenderProfile.class
[j2seproject1:jar] adding entry com/sun/labs/aura/recommender/ResultsFilterAdapter.class
[j2seproject1:jar] adding entry com/sun/labs/aura/recommender/TypeFilter.class
[j2seproject1:jar] adding entry com/sun/labs/aura/resource/dataStoreHeadConfig.xml
[j2seproject1:jar] adding entry com/sun/labs/aura/resource/dataStorePMConfig.xml
[j2seproject1:jar] adding entry com/sun/labs/aura/resource/exportedAIOVMDSConfig.xml
[j2seproject1:jar] adding entry com/sun/labs/aura/resource/partitionClusterConfig.xml
[j2seproject1:jar] adding entry com/sun/labs/aura/resource/repPCConfig.xml
[j2seproject1:jar] adding entry com/sun/labs/aura/resource/replicantConfig.xml
[j2seproject1:jar] adding entry com/sun/labs/aura/resource/replicantCopyConfig.xml
[j2seproject1:jar] adding entry com/sun/labs/aura/resource/replicantSlowDumpConfig.xml
[j2seproject1:jar] adding entry com/sun/labs/aura/resource/statServiceConfig.xml
[j2seproject1:jar] adding entry com/sun/labs/aura/resource/stopwords
[j2seproject1:jar] adding entry com/sun/labs/aura/util/AuraException.class
[j2seproject1:jar] adding entry com/sun/labs/aura/util/AuraShell$1.class
[j2seproject1:jar] adding entry com/sun/labs/aura/util/AuraShell.class
[j2seproject1:jar] adding entry com/sun/labs/aura/util/DBCount.class
[j2seproject1:jar] adding entry com/sun/labs/aura/util/DBSplitter.class
[j2seproject1:jar] adding entry com/sun/labs/aura/util/DecreasingScoredComparator.class
[j2seproject1:jar] adding entry com/sun/labs/aura/util/DelayedItem.class
[j2seproject1:jar] adding entry com/sun/labs/aura/util/DumpServices.class
[j2seproject1:jar] adding entry com/sun/labs/aura/util/GridDeploy$1.class
[j2seproject1:jar] adding entry com/sun/labs/aura/util/GridDeploy.class
[j2seproject1:jar] adding entry com/sun/labs/aura/util/ItemAdapter$1.class
[j2seproject1:jar] adding entry com/sun/labs/aura/util/ItemAdapter.class
[j2seproject1:jar] adding entry com/sun/labs/aura/util/ItemScheduler.class
[j2seproject1:jar] adding entry com/sun/labs/aura/util/ItemSchedulerImpl$1.class
[j2seproject1:jar] adding entry com/sun/labs/aura/util/ItemSchedulerImpl.class
[j2seproject1:jar] adding entry com/sun/labs/aura/util/LoadTest.class
[j2seproject1:jar] adding entry com/sun/labs/aura/util/PersistentStringSet$1.class
[j2seproject1:jar] adding entry com/sun/labs/aura/util/PersistentStringSet.class
[j2seproject1:jar] adding entry com/sun/labs/aura/util/Reindexer.class
[j2seproject1:jar] adding entry com/sun/labs/aura/util/ReverseScoredComparator.class
[j2seproject1:jar] adding entry com/sun/labs/aura/util/Scored.class
[j2seproject1:jar] adding entry com/sun/labs/aura/util/ScoredComparator.class
[j2seproject1:jar] adding entry com/sun/labs/aura/util/ShellUtils$1.class
[j2seproject1:jar] adding entry com/sun/labs/aura/util/ShellUtils$10.class
[j2seproject1:jar] adding entry com/sun/labs/aura/util/ShellUtils$11.class
[j2seproject1:jar] adding entry com/sun/labs/aura/util/ShellUtils$12.class
[j2seproject1:jar] adding entry com/sun/labs/aura/util/ShellUtils$13.class
[j2seproject1:jar] adding entry com/sun/labs/aura/util/ShellUtils$14.class
[j2seproject1:jar] adding entry com/sun/labs/aura/util/ShellUtils$15.class
[j2seproject1:jar] adding entry com/sun/labs/aura/util/ShellUtils$16.class
[j2seproject1:jar] adding entry com/sun/labs/aura/util/ShellUtils$17.class
[j2seproject1:jar] adding entry com/sun/labs/aura/util/ShellUtils$18.class
[j2seproject1:jar] adding entry com/sun/labs/aura/util/ShellUtils$19.class
[j2seproject1:jar] adding entry com/sun/labs/aura/util/ShellUtils$2.class
[j2seproject1:jar] adding entry com/sun/labs/aura/util/ShellUtils$20.class
[j2seproject1:jar] adding entry com/sun/labs/aura/util/ShellUtils$21.class
[j2seproject1:jar] adding entry com/sun/labs/aura/util/ShellUtils$22.class
[j2seproject1:jar] adding entry com/sun/labs/aura/util/ShellUtils$23.class
[j2seproject1:jar] adding entry com/sun/labs/aura/util/ShellUtils$24.class
[j2seproject1:jar] adding entry com/sun/labs/aura/util/ShellUtils$25.class
[j2seproject1:jar] adding entry com/sun/labs/aura/util/ShellUtils$26.class
[j2seproject1:jar] adding entry com/sun/labs/aura/util/ShellUtils$3.class
[j2seproject1:jar] adding entry com/sun/labs/aura/util/ShellUtils$4.class
[j2seproject1:jar] adding entry com/sun/labs/aura/util/ShellUtils$5.class
[j2seproject1:jar] adding entry com/sun/labs/aura/util/ShellUtils$6.class
[j2seproject1:jar] adding entry com/sun/labs/aura/util/ShellUtils$7.class
[j2seproject1:jar] adding entry com/sun/labs/aura/util/ShellUtils$8.class
[j2seproject1:jar] adding entry com/sun/labs/aura/util/ShellUtils$9.class
[j2seproject1:jar] adding entry com/sun/labs/aura/util/ShellUtils.class
[j2seproject1:jar] adding entry com/sun/labs/aura/util/StatService.class
[j2seproject1:jar] adding entry com/sun/labs/aura/util/StatServiceImpl$Counter.class
[j2seproject1:jar] adding entry com/sun/labs/aura/util/StatServiceImpl.class
[j2seproject1:jar] adding entry com/sun/labs/aura/util/Tag.class
[j2seproject1:jar] adding entry com/sun/labs/aura/util/Times.class
[j2seproject1:jar] adding entry com/sun/labs/aura/util/WordCloud.class
[j2seproject1:jar] adding entry com/sun/labs/aura/util/classifiers/BuildClassifiers$1.class
[j2seproject1:jar] adding entry com/sun/labs/aura/util/classifiers/BuildClassifiers$2.class
[j2seproject1:jar] adding entry com/sun/labs/aura/util/classifiers/BuildClassifiers.class
[j2seproject1:jar] adding entry com/sun/labs/aura/util/classifiers/ContingencyTable.class
[j2seproject1:jar] adding entry com/sun/labs/aura/util/classifiers/DescribeClassifiers.class
[j2seproject1:jar] adding entry com/sun/labs/aura/util/classifiers/EvaluateClassifiers$1.class
[j2seproject1:jar] adding entry com/sun/labs/aura/util/classifiers/EvaluateClassifiers.class
[j2seproject1:jar] adding entry com/sun/labs/aura/util/classifiers/Util.class
[j2seproject1:jar] adding entry com/sun/labs/aura/util/io/CartesianProductMerger.class
[j2seproject1:jar] adding entry com/sun/labs/aura/util/io/Combiner.class
[j2seproject1:jar] adding entry com/sun/labs/aura/util/io/FloatCombiner.class
[j2seproject1:jar] adding entry com/sun/labs/aura/util/io/GroupedMerger.class
[j2seproject1:jar] adding entry com/sun/labs/aura/util/io/IntegerCombiner.class
[j2seproject1:jar] adding entry com/sun/labs/aura/util/io/KeyedInputStream.class
[j2seproject1:jar] adding entry com/sun/labs/aura/util/io/KeyedOutputStream.class
[j2seproject1:jar] adding entry com/sun/labs/aura/util/io/KeyedStream.class
[j2seproject1:jar] adding entry com/sun/labs/aura/util/io/LongCombiner.class
[j2seproject1:jar] adding entry com/sun/labs/aura/util/io/Merger$HE.class
[j2seproject1:jar] adding entry com/sun/labs/aura/util/io/Merger.class
[j2seproject1:jar] adding entry com/sun/labs/aura/util/io/OutFileGenerator.class
[j2seproject1:jar] adding entry com/sun/labs/aura/util/io/PairPermutationJoiner.class
[j2seproject1:jar] adding entry com/sun/labs/aura/util/io/Record$Type.class
[j2seproject1:jar] adding entry com/sun/labs/aura/util/io/Record.class
[j2seproject1:jar] adding entry com/sun/labs/aura/util/io/RecordMerger.class
[j2seproject1:jar] adding entry com/sun/labs/aura/util/io/RecordSet.class
[j2seproject1:jar] adding entry com/sun/labs/aura/util/io/Sorter$SortedRegion.class
[j2seproject1:jar] adding entry com/sun/labs/aura/util/io/Sorter.class
[j2seproject1:jar] adding entry com/sun/labs/aura/util/io/SplitKeyedInputStream.class
[j2seproject1:jar] adding entry com/sun/labs/aura/util/io/SplitKeyedOutputStream.class
[j2seproject1:jar] adding entry com/sun/labs/aura/util/io/StructuredKeyedInputStream$1.class
[j2seproject1:jar] adding entry com/sun/labs/aura/util/io/StructuredKeyedInputStream.class
[j2seproject1:jar] adding entry com/sun/labs/aura/util/io/StructuredKeyedOutputStream$1.class
[j2seproject1:jar] adding entry com/sun/labs/aura/util/io/StructuredKeyedOutputStream.class
[j2seproject1:jar] adding entry com/sun/labs/aura/util/io/TestDataGenerator.class
[j2seproject1:jar] adding entry com/sun/labs/aura/util/persistentStringSetEngineConfig.xml
[j2seproject1:jar] adding entry com/sun/labs/aura/util/resource/auraShellConfig.xml
[j2seproject1:jar] adding entry com/sun/labs/aura/util/resource/reindexConfig.xml

-do-jar-without-manifest:
Skipped because property 'manifest.available' set.

-do-jar-with-mainclass:
Skipped because property 'manifest.available+main.class' not set.

-do-jar-with-libraries:
Skipped because property 'manifest.available+main.class+mkdist.available' not set.

-post-jar:

jar:

findbugs:
 [property] Loading Environment env.
 [findbugs] Executing findbugs from ant task
 [findbugs] Running FindBugs...
 [findbugs] Executing '/System/Library/Frameworks/JavaVM.framework/Versions/1.5.0/Home/bin/java' with arguments:
 [findbugs] '-Xmx512m'
 [findbugs] '-Dfindbugs.home=/usr/local/findbugs'
 [findbugs] '-classpath'
 [findbugs] '/usr/local/findbugs/lib/findbugs.jar'
 [findbugs] 'edu.umd.cs.findbugs.FindBugs2'
 [findbugs] '-sortByClass'
 [findbugs] '-timestampNow'
 [findbugs] '-xml'
 [findbugs] '-sourcepath'
 [findbugs] '/Users/stgreen/Projects/Aura/aura-grid/aura/src'
 [findbugs] '-outputFile'
 [findbugs] 'build/findbugs_output.xml'
 [findbugs] '-exitcode'
 [findbugs] '/Users/stgreen/Projects/Aura/aura-grid/aura/build/classes'
 [findbugs] 
 [findbugs] The ' characters around the executable and arguments are
 [findbugs] not part of the command.
 [findbugs] Exception in thread "main" java.lang.UnsupportedClassVersionError: Bad version number in .class file
 [findbugs] 	at java.lang.ClassLoader.defineClass1(Native Method)
 [findbugs] 	at java.lang.ClassLoader.defineClass(ClassLoader.java:675)
 [findbugs] 	at java.security.SecureClassLoader.defineClass(SecureClassLoader.java:124)
 [findbugs] 	at java.net.URLClassLoader.defineClass(URLClassLoader.java:260)
 [findbugs] 	at java.net.URLClassLoader.access$100(URLClassLoader.java:56)
 [findbugs] 	at java.net.URLClassLoader$1.run(URLClassLoader.java:195)
 [findbugs] 	at java.security.AccessController.doPrivileged(Native Method)
 [findbugs] 	at java.net.URLClassLoader.findClass(URLClassLoader.java:188)
 [findbugs] 	at java.lang.ClassLoader.loadClass(ClassLoader.java:316)
 [findbugs] 	at sun.misc.Launcher$AppClassLoader.loadClass(Launcher.java:280)
 [findbugs] 	at java.lang.ClassLoader.loadClass(ClassLoader.java:251)
 [findbugs] 	at java.lang.ClassLoader.loadClassInternal(ClassLoader.java:374)
 [findbugs] 	at edu.umd.cs.findbugs.ba.jsr305.TypeQualifierAnnotation.<clinit>(TypeQualifierAnnotation.java:86)
 [findbugs] 	at edu.umd.cs.findbugs.FindBugs2.execute(FindBugs2.java:251)
 [findbugs] 	at edu.umd.cs.findbugs.FindBugs.runMain(FindBugs.java:318)
 [findbugs] 	at edu.umd.cs.findbugs.FindBugs2.main(FindBugs2.java:1062)
 [findbugs] Output saved to build/findbugs_output.xml
[replaceregexp] Replacing pattern 'sourcepath="([^"]*)"' with 'sourcepath="aura/src/\1"' in '/Users/stgreen/Projects/Aura/aura-grid/aura/build/findbugs_output.xml' by line.

BUILD SUCCESSFUL
Total time: 3 seconds
